\BOOKMARK [1][]{section*.1}{Contributors to }{}% 1
\BOOKMARK [1][]{section.1}{INTRODUCTION}{}% 2
\BOOKMARK [1][]{section.2}{COMPILATION}{}% 3
\BOOKMARK [2][-]{subsection.2.1}{The build directory}{section.2}% 4
\BOOKMARK [3][-]{subsubsection.2.1.1}{Multiple-target compilation}{subsection.2.1}% 5
\BOOKMARK [2][-]{subsection.2.2}{The arch.make file}{section.2}% 6
\BOOKMARK [2][-]{subsection.2.3}{Parallel}{section.2}% 7
\BOOKMARK [3][-]{subsubsection.2.3.1}{MPI}{subsection.2.3}% 8
\BOOKMARK [3][-]{subsubsection.2.3.2}{OpenMP}{subsection.2.3}% 9
\BOOKMARK [2][-]{subsection.2.4}{Library dependencies}{section.2}% 10
\BOOKMARK [1][]{section.3}{EXECUTION OF THE PROGRAM}{}% 11
\BOOKMARK [2][-]{subsection.3.1}{Specific execution options}{section.3}% 12
\BOOKMARK [1][]{section.4}{THE FLEXIBLE DATA FORMAT \(FDF\)}{}% 13
\BOOKMARK [1][]{section.5}{PROGRAM OUTPUT}{}% 14
\BOOKMARK [2][-]{subsection.5.1}{Standard output}{section.5}% 15
\BOOKMARK [2][-]{subsection.5.2}{Output to dedicated files}{section.5}% 16
\BOOKMARK [1][]{section.6}{DETAILED DESCRIPTION OF PROGRAM OPTIONS}{}% 17
\BOOKMARK [2][-]{subsection.6.1}{General system descriptors}{section.6}% 18
\BOOKMARK [2][-]{subsection.6.2}{Pseudopotentials}{section.6}% 19
\BOOKMARK [2][-]{subsection.6.3}{Basis set and KB projectors}{section.6}% 20
\BOOKMARK [3][-]{subsubsection.6.3.1}{Overview of atomic-orbital bases implemented in SIESTA}{subsection.6.3}% 21
\BOOKMARK [3][-]{subsubsection.6.3.2}{Type of basis sets}{subsection.6.3}% 22
\BOOKMARK [3][-]{subsubsection.6.3.3}{Size of the basis set}{subsection.6.3}% 23
\BOOKMARK [3][-]{subsubsection.6.3.4}{Range of the orbitals}{subsection.6.3}% 24
\BOOKMARK [3][-]{subsubsection.6.3.5}{Generation of multiple-zeta orbitals}{subsection.6.3}% 25
\BOOKMARK [3][-]{subsubsection.6.3.6}{Soft-confinement options}{subsection.6.3}% 26
\BOOKMARK [3][-]{subsubsection.6.3.7}{Kleinman-Bylander projectors}{subsection.6.3}% 27
\BOOKMARK [3][-]{subsubsection.6.3.8}{The PAO.Basis block}{subsection.6.3}% 28
\BOOKMARK [3][-]{subsubsection.6.3.9}{Filtering}{subsection.6.3}% 29
\BOOKMARK [3][-]{subsubsection.6.3.10}{Saving and reading basis-set information}{subsection.6.3}% 30
\BOOKMARK [3][-]{subsubsection.6.3.11}{Tools to inspect the orbitals and KB projectors}{subsection.6.3}% 31
\BOOKMARK [3][-]{subsubsection.6.3.12}{Basis optimization}{subsection.6.3}% 32
\BOOKMARK [3][-]{subsubsection.6.3.13}{Low-level options regarding the radial grid}{subsection.6.3}% 33
\BOOKMARK [2][-]{subsection.6.4}{Structural information}{section.6}% 34
\BOOKMARK [3][-]{subsubsection.6.4.1}{Traditional structure input in the fdf file}{subsection.6.4}% 35
\BOOKMARK [3][-]{subsubsection.6.4.2}{Z-matrix format and constraints}{subsection.6.4}% 36
\BOOKMARK [3][-]{subsubsection.6.4.3}{Output of structural information}{subsection.6.4}% 37
\BOOKMARK [3][-]{subsubsection.6.4.4}{Input of structural information from external files}{subsection.6.4}% 38
\BOOKMARK [3][-]{subsubsection.6.4.5}{Input from a FIFO file}{subsection.6.4}% 39
\BOOKMARK [3][-]{subsubsection.6.4.6}{Precedence issues in structural input}{subsection.6.4}% 40
\BOOKMARK [3][-]{subsubsection.6.4.7}{Interatomic distances}{subsection.6.4}% 41
\BOOKMARK [2][-]{subsection.6.5}{k-point sampling}{section.6}% 42
\BOOKMARK [3][-]{subsubsection.6.5.1}{Output of k-point information}{subsection.6.5}% 43
\BOOKMARK [2][-]{subsection.6.6}{Exchange-correlation functionals}{section.6}% 44
\BOOKMARK [2][-]{subsection.6.7}{Spin polarization}{section.6}% 45
\BOOKMARK [2][-]{subsection.6.8}{Spin\205Orbit coupling}{section.6}% 46
\BOOKMARK [2][-]{subsection.6.9}{The self-consistent-field loop}{section.6}% 47
\BOOKMARK [3][-]{subsubsection.6.9.1}{Harris functional and basic options}{subsection.6.9}% 48
\BOOKMARK [3][-]{subsubsection.6.9.2}{Mixing options}{subsection.6.9}% 49
\BOOKMARK [3][-]{subsubsection.6.9.3}{Mixing of the Charge Density}{subsection.6.9}% 50
\BOOKMARK [3][-]{subsubsection.6.9.4}{Initialization of the density-matrix}{subsection.6.9}% 51
\BOOKMARK [3][-]{subsubsection.6.9.5}{Initialization of the SCF cycle with charge densities}{subsection.6.9}% 52
\BOOKMARK [3][-]{subsubsection.6.9.6}{Output of density matrix and Hamiltonian}{subsection.6.9}% 53
\BOOKMARK [3][-]{subsubsection.6.9.7}{Convergence criteria}{subsection.6.9}% 54
\BOOKMARK [2][-]{subsection.6.10}{The real-space grid and the eggbox-effect}{section.6}% 55
\BOOKMARK [2][-]{subsection.6.11}{Matrix elements of the Hamiltonian and overlap}{section.6}% 56
\BOOKMARK [3][-]{subsubsection.6.11.1}{The auxiliary supercell}{subsection.6.11}% 57
\BOOKMARK [2][-]{subsection.6.12}{Calculation of the electronic structure}{section.6}% 58
\BOOKMARK [3][-]{subsubsection.6.12.1}{Diagonalization options}{subsection.6.12}% 59
\BOOKMARK [3][-]{subsubsection.6.12.2}{Output of eigenvalues and wavefunctions}{subsection.6.12}% 60
\BOOKMARK [3][-]{subsubsection.6.12.3}{Occupation of electronic states and Fermi level}{subsection.6.12}% 61
\BOOKMARK [3][-]{subsubsection.6.12.4}{Orbital minimization method \(OMM\)}{subsection.6.12}% 62
\BOOKMARK [3][-]{subsubsection.6.12.5}{Order\(N\) calculations}{subsection.6.12}% 63
\BOOKMARK [2][-]{subsection.6.13}{The CheSS solver}{section.6}% 64
\BOOKMARK [3][-]{subsubsection.6.13.1}{Input parameters}{subsection.6.13}% 65
\BOOKMARK [2][-]{subsection.6.14}{The PEXSI solver}{section.6}% 66
\BOOKMARK [3][-]{subsubsection.6.14.1}{Pole handling}{subsection.6.14}% 67
\BOOKMARK [3][-]{subsubsection.6.14.2}{Parallel environment and control options}{subsection.6.14}% 68
\BOOKMARK [3][-]{subsubsection.6.14.3}{Electron tolerance and the PEXSI solver}{subsection.6.14}% 69
\BOOKMARK [3][-]{subsubsection.6.14.4}{Inertia-counting}{subsection.6.14}% 70
\BOOKMARK [3][-]{subsubsection.6.14.5}{Re-use of \040information accross iterations}{subsection.6.14}% 71
\BOOKMARK [3][-]{subsubsection.6.14.6}{Calculation of the density of states by inertia-counting}{subsection.6.14}% 72
\BOOKMARK [3][-]{subsubsection.6.14.7}{Calculation of the LDOS by selected-inversion}{subsection.6.14}% 73
\BOOKMARK [2][-]{subsection.6.15}{Band-structure analysis}{section.6}% 74
\BOOKMARK [3][-]{subsubsection.6.15.1}{Format of the .bands file}{subsection.6.15}% 75
\BOOKMARK [3][-]{subsubsection.6.15.2}{Output of wavefunctions associated to bands}{subsection.6.15}% 76
\BOOKMARK [2][-]{subsection.6.16}{Output of selected wavefunctions}{section.6}% 77
\BOOKMARK [2][-]{subsection.6.17}{Densities of states}{section.6}% 78
\BOOKMARK [3][-]{subsubsection.6.17.1}{Total density of states}{subsection.6.17}% 79
\BOOKMARK [3][-]{subsubsection.6.17.2}{Partial \(projected\) density of states}{subsection.6.17}% 80
\BOOKMARK [3][-]{subsubsection.6.17.3}{Local density of states}{subsection.6.17}% 81
\BOOKMARK [2][-]{subsection.6.18}{Options for chemical analysis}{section.6}% 82
\BOOKMARK [3][-]{subsubsection.6.18.1}{Mulliken charges and overlap populations}{subsection.6.18}% 83
\BOOKMARK [3][-]{subsubsection.6.18.2}{Voronoi and Hirshfeld atomic population analysis}{subsection.6.18}% 84
\BOOKMARK [3][-]{subsubsection.6.18.3}{Crystal-Orbital overlap and hamilton populations \(COOP/COHP\)}{subsection.6.18}% 85
\BOOKMARK [2][-]{subsection.6.19}{Optical properties}{section.6}% 86
\BOOKMARK [2][-]{subsection.6.20}{Macroscopic polarization}{section.6}% 87
\BOOKMARK [2][-]{subsection.6.21}{Maximally Localized Wannier Functions}{section.6}% 88
\BOOKMARK [2][-]{subsection.6.22}{Systems with net charge or dipole, and electric fields}{section.6}% 89
\BOOKMARK [2][-]{subsection.6.23}{Output of charge densities and potentials on the grid}{section.6}% 90
\BOOKMARK [2][-]{subsection.6.24}{Auxiliary Force field}{section.6}% 91
\BOOKMARK [2][-]{subsection.6.25}{Parallel options}{section.6}% 92
\BOOKMARK [3][-]{subsubsection.6.25.1}{Parallel decompositions for O\(N\)}{subsection.6.25}% 93
\BOOKMARK [2][-]{subsection.6.26}{Efficiency options}{section.6}% 94
\BOOKMARK [2][-]{subsection.6.27}{Memory, CPU-time, and Wall time accounting options}{section.6}% 95
\BOOKMARK [2][-]{subsection.6.28}{The catch-all option UseSaveData}{section.6}% 96
\BOOKMARK [2][-]{subsection.6.29}{Output of information for Denchar}{section.6}% 97
\BOOKMARK [2][-]{subsection.6.30}{NetCDF \(CDF4\) output file}{section.6}% 98
\BOOKMARK [1][]{section.7}{STRUCTURAL RELAXATION, PHONONS, AND MOLECULAR DYNAMICS}{}% 99
\BOOKMARK [2][-]{subsection.7.1}{Compatibility with pre-v4 versions}{section.7}% 100
\BOOKMARK [2][-]{subsection.7.2}{Structural relaxation}{section.7}% 101
\BOOKMARK [3][-]{subsubsection.7.2.1}{Conjugate-gradients optimization}{subsection.7.2}% 102
\BOOKMARK [3][-]{subsubsection.7.2.2}{Broyden optimization}{subsection.7.2}% 103
\BOOKMARK [3][-]{subsubsection.7.2.3}{FIRE relaxation}{subsection.7.2}% 104
\BOOKMARK [2][-]{subsection.7.3}{Target stress options}{section.7}% 105
\BOOKMARK [2][-]{subsection.7.4}{Molecular dynamics}{section.7}% 106
\BOOKMARK [2][-]{subsection.7.5}{Output options for dynamics}{section.7}% 107
\BOOKMARK [2][-]{subsection.7.6}{Restarting geometry optimizations and MD runs}{section.7}% 108
\BOOKMARK [2][-]{subsection.7.7}{Use of general constraints}{section.7}% 109
\BOOKMARK [2][-]{subsection.7.8}{Phonon calculations}{section.7}% 110
\BOOKMARK [1][]{section.8}{LINRES}{}% 111
\BOOKMARK [1][]{section.9}{LDA+U}{}% 112
\BOOKMARK [1][]{section.10}{RT-TDDFT}{}% 113
\BOOKMARK [2][-]{subsection.10.1}{Brief description}{section.10}% 114
\BOOKMARK [2][-]{subsection.10.2}{Input options for RT-TDDFT}{section.10}% 115
\BOOKMARK [1][]{section.11}{External control of SIESTA}{}% 116
\BOOKMARK [2][-]{subsection.11.1}{Examples of Lua programs}{section.11}% 117
\BOOKMARK [1][]{section.12}{TRANSIESTA}{}% 118
\BOOKMARK [2][-]{subsection.12.1}{Brief description}{section.12}% 119
\BOOKMARK [2][-]{subsection.12.2}{Source code structure}{section.12}% 120
\BOOKMARK [2][-]{subsection.12.3}{Compilation}{section.12}% 121
\BOOKMARK [2][-]{subsection.12.4}{Brief explanation}{section.12}% 122
\BOOKMARK [2][-]{subsection.12.5}{Electrodes}{section.12}% 123
\BOOKMARK [2][-]{subsection.12.6}{TranSIESTA Options}{section.12}% 124
\BOOKMARK [3][-]{subsubsection.12.6.1}{Quick and dirty}{subsection.12.6}% 125
\BOOKMARK [3][-]{subsubsection.12.6.2}{General options}{subsection.12.6}% 126
\BOOKMARK [3][-]{subsubsection.12.6.3}{Algorithm specific options}{subsection.12.6}% 127
\BOOKMARK [3][-]{subsubsection.12.6.4}{Poisson solution for fixed boundary conditions}{subsection.12.6}% 128
\BOOKMARK [3][-]{subsubsection.12.6.5}{Electrode description options}{subsection.12.6}% 129
\BOOKMARK [3][-]{subsubsection.12.6.6}{Chemical potentials}{subsection.12.6}% 130
\BOOKMARK [3][-]{subsubsection.12.6.7}{Complex contour integration options}{subsection.12.6}% 131
\BOOKMARK [3][-]{subsubsection.12.6.8}{Bias contour integration options}{subsection.12.6}% 132
\BOOKMARK [2][-]{subsection.12.7}{Matching TranSIESTA coordinates: basic rules}{section.12}% 133
\BOOKMARK [2][-]{subsection.12.8}{Output}{section.12}% 134
\BOOKMARK [2][-]{subsection.12.9}{Utilities for analysis: TBtrans}{section.12}% 135
\BOOKMARK [1][]{section.13}{ANALYSIS TOOLS}{}% 136
\BOOKMARK [1][]{section.14}{SCRIPTING}{}% 137
\BOOKMARK [1][]{section.15}{PROBLEM HANDLING}{}% 138
\BOOKMARK [2][-]{subsection.15.1}{Error and warning messages}{section.15}% 139
\BOOKMARK [1][]{section.16}{REPORTING BUGS}{}% 140
\BOOKMARK [1][]{section.17}{ACKNOWLEDGMENTS}{}% 141
\BOOKMARK [1][]{section.18}{APPENDIX: Physical unit names recognized by FDF}{}% 142
\BOOKMARK [1][]{section.19}{APPENDIX: XML Output}{}% 143
\BOOKMARK [2][-]{subsection.19.1}{Controlling XML output}{section.19}% 144
\BOOKMARK [2][-]{subsection.19.2}{Converting XML to XHTML}{section.19}% 145
\BOOKMARK [1][]{section.20}{APPENDIX: Selection of precision for storage}{}% 146
\BOOKMARK [1][]{section.21}{APPENDIX: Data structures and reference counting}{}% 147
\BOOKMARK [1][]{section.21}{Bibliography}{}% 148
\BOOKMARK [1][]{section*.6}{Index}{}% 149
