This is pdfTeX, Version 3.14159265-2.6-1.40.17 (TeX Live 2016) (preloaded format=pdflatex 2017.1.10)  29 AUG 2017 16:53
entering extended mode
 \write18 enabled.
 %&-line parsing enabled.
**\def\siestatextsize{11pt} \input{siesta.tex}
(./siesta.tex (./tex/init.tex (./tex/setup.tex
(/usr/local/texlive/2016/texmf-dist/tex/latex/base/article.cls
Document Class: article 2014/09/29 v1.4h Standard LaTeX document class
(/usr/local/texlive/2016/texmf-dist/tex/latex/base/size11.clo
File: size11.clo 2014/09/29 v1.4h Standard LaTeX file (size option)
)
\c@part=\count79
\c@section=\count80
\c@subsection=\count81
\c@subsubsection=\count82
\c@paragraph=\count83
\c@subparagraph=\count84
\c@figure=\count85
\c@table=\count86
\abovecaptionskip=\skip41
\belowcaptionskip=\skip42
\bibindent=\dimen102
)
(/usr/local/texlive/2016/texmf-dist/tex/latex/geometry/geometry.sty
Package: geometry 2010/09/12 v5.6 Page Geometry

(/usr/local/texlive/2016/texmf-dist/tex/latex/graphics/keyval.sty
Package: keyval 2014/10/28 v1.15 key=value parser (DPC)
\KV@toks@=\toks14
)
(/usr/local/texlive/2016/texmf-dist/tex/generic/oberdiek/ifpdf.sty
Package: ifpdf 2016/05/14 v3.1 Provides the ifpdf switch
)
(/usr/local/texlive/2016/texmf-dist/tex/generic/oberdiek/ifvtex.sty
Package: ifvtex 2016/05/16 v1.6 Detect VTeX and its facilities (HO)
Package ifvtex Info: VTeX not detected.
)
(/usr/local/texlive/2016/texmf-dist/tex/generic/ifxetex/ifxetex.sty
Package: ifxetex 2010/09/12 v0.6 Provides ifxetex conditional
)
\Gm@cnth=\count87
\Gm@cntv=\count88
\c@Gm@tempcnt=\count89
\Gm@bindingoffset=\dimen103
\Gm@wd@mp=\dimen104
\Gm@odd@mp=\dimen105
\Gm@even@mp=\dimen106
\Gm@layoutwidth=\dimen107
\Gm@layoutheight=\dimen108
\Gm@layouthoffset=\dimen109
\Gm@layoutvoffset=\dimen110
\Gm@dimlist=\toks15
))
(./tex/packages.tex
(/usr/local/texlive/2016/texmf-dist/tex/latex/base/fontenc.sty
Package: fontenc 2016/06/19 v1.99m Standard LaTeX package

(/usr/local/texlive/2016/texmf-dist/tex/latex/base/t1enc.def
File: t1enc.def 2016/06/19 v1.99m Standard LaTeX file
LaTeX Font Info:    Redeclaring font encoding T1 on input line 48.
))
(/usr/local/texlive/2016/texmf-dist/tex/latex/lm/lmodern.sty
Package: lmodern 2009/10/30 v1.6 Latin Modern Fonts
LaTeX Font Info:    Overwriting symbol font `operators' in version `normal'
(Font)                  OT1/cmr/m/n --> OT1/lmr/m/n on input line 22.
LaTeX Font Info:    Overwriting symbol font `letters' in version `normal'
(Font)                  OML/cmm/m/it --> OML/lmm/m/it on input line 23.
LaTeX Font Info:    Overwriting symbol font `symbols' in version `normal'
(Font)                  OMS/cmsy/m/n --> OMS/lmsy/m/n on input line 24.
LaTeX Font Info:    Overwriting symbol font `largesymbols' in version `normal'
(Font)                  OMX/cmex/m/n --> OMX/lmex/m/n on input line 25.
LaTeX Font Info:    Overwriting symbol font `operators' in version `bold'
(Font)                  OT1/cmr/bx/n --> OT1/lmr/bx/n on input line 26.
LaTeX Font Info:    Overwriting symbol font `letters' in version `bold'
(Font)                  OML/cmm/b/it --> OML/lmm/b/it on input line 27.
LaTeX Font Info:    Overwriting symbol font `symbols' in version `bold'
(Font)                  OMS/cmsy/b/n --> OMS/lmsy/b/n on input line 28.
LaTeX Font Info:    Overwriting symbol font `largesymbols' in version `bold'
(Font)                  OMX/cmex/m/n --> OMX/lmex/m/n on input line 29.
LaTeX Font Info:    Overwriting math alphabet `\mathbf' in version `normal'
(Font)                  OT1/cmr/bx/n --> OT1/lmr/bx/n on input line 31.
LaTeX Font Info:    Overwriting math alphabet `\mathsf' in version `normal'
(Font)                  OT1/cmss/m/n --> OT1/lmss/m/n on input line 32.
LaTeX Font Info:    Overwriting math alphabet `\mathit' in version `normal'
(Font)                  OT1/cmr/m/it --> OT1/lmr/m/it on input line 33.
LaTeX Font Info:    Overwriting math alphabet `\mathtt' in version `normal'
(Font)                  OT1/cmtt/m/n --> OT1/lmtt/m/n on input line 34.
LaTeX Font Info:    Overwriting math alphabet `\mathbf' in version `bold'
(Font)                  OT1/cmr/bx/n --> OT1/lmr/bx/n on input line 35.
LaTeX Font Info:    Overwriting math alphabet `\mathsf' in version `bold'
(Font)                  OT1/cmss/bx/n --> OT1/lmss/bx/n on input line 36.
LaTeX Font Info:    Overwriting math alphabet `\mathit' in version `bold'
(Font)                  OT1/cmr/bx/it --> OT1/lmr/bx/it on input line 37.
LaTeX Font Info:    Overwriting math alphabet `\mathtt' in version `bold'
(Font)                  OT1/cmtt/m/n --> OT1/lmtt/m/n on input line 38.
)
(/usr/local/texlive/2016/texmf-dist/tex/latex/natbib/natbib.sty
Package: natbib 2010/09/13 8.31b (PWD, AO)
\bibhang=\skip43
\bibsep=\skip44
LaTeX Info: Redefining \cite on input line 694.
\c@NAT@ctr=\count90
)
(/usr/local/texlive/2016/texmf-dist/tex/latex/nag/nag.sty
Package: nag 2011/11/25 0.7 warning about old commands (ulmi)
\c@nag@c=\count91
\c@nag@sins=\count92
Package nag Info: Loaded nag-l2tabu.cfg  on input line 552.

(/usr/local/texlive/2016/texmf-dist/tex/latex/nag/nag-l2tabu.cfg
File: nag-l2tabu.cfg 2010/05/17 v2.11 l2tabu rules for nag.sty (ulmi)
)
Package nag Info: Loaded nag-orthodox.cfg  on input line 552.

(/usr/local/texlive/2016/texmf-dist/tex/latex/nag/nag-orthodox.cfg
File: nag-orthodox.cfg 2006/04/19 v1.8 strict rules for nag.sty (ulmi)
))
(/usr/local/texlive/2016/texmf-dist/tex/latex/l3kernel/expl3.sty
Package: expl3 2016/11/21 v6760 L3 programming layer (loader) 

(/usr/local/texlive/2016/texmf-dist/tex/latex/l3kernel/expl3-code.tex
Package: expl3 2016/11/21 v6760 L3 programming layer (code)
L3 Module: l3bootstrap 2016/06/13 v6596 L3 Bootstrap code
L3 Module: l3names 2016/10/13 v6722 L3 Namespace for primitives
L3 Module: l3basics 2016/09/01 v6696 L3 Basic definitions
L3 Module: l3expan 2016/08/19 v6684 L3 Argument expansion
L3 Module: l3tl 2016/08/19 v6692 L3 Token lists
L3 Module: l3str 2016/08/19 v6692 L3 Strings
L3 Module: l3seq 2016/08/19 v6685 L3 Sequences and stacks
L3 Module: l3int 2016/09/07 v6700 L3 Integers
\c_max_int=\count93
\l_tmpa_int=\count94
\l_tmpb_int=\count95
\g_tmpa_int=\count96
\g_tmpb_int=\count97
L3 Module: l3quark 2016/08/19 v6685 L3 Quarks
L3 Module: l3prg 2016/08/18 v6679 L3 Control structures
\g__prg_map_int=\count98
L3 Module: l3clist 2016/08/19 v6685 L3 Comma separated lists
L3 Module: l3token 2016/09/01 v6695 L3 Experimental token manipulation
L3 Module: l3prop 2016/08/19 v6685 L3 Property lists
L3 Module: l3msg 2016/08/19 v6691 L3 Messages
L3 Module: l3file 2016/08/19 v6685 L3 File and I/O operations
\l_iow_line_count_int=\count99
\l__iow_target_count_int=\count100
\l__iow_current_line_int=\count101
\l__iow_current_word_int=\count102
\l__iow_current_indentation_int=\count103
L3 Module: l3skip 2016/08/19 v6692 L3 Dimensions and skips
\c_zero_dim=\dimen111
\c_max_dim=\dimen112
\l_tmpa_dim=\dimen113
\l_tmpb_dim=\dimen114
\g_tmpa_dim=\dimen115
\g_tmpb_dim=\dimen116
\c_zero_skip=\skip45
\c_max_skip=\skip46
\l_tmpa_skip=\skip47
\l_tmpb_skip=\skip48
\g_tmpa_skip=\skip49
\g_tmpb_skip=\skip50
\c_zero_muskip=\muskip10
\c_max_muskip=\muskip11
\l_tmpa_muskip=\muskip12
\l_tmpb_muskip=\muskip13
\g_tmpa_muskip=\muskip14
\g_tmpb_muskip=\muskip15
L3 Module: l3keys 2016/09/21 v6711 L3 Key-value interfaces
\l_keys_choice_int=\count104
L3 Module: l3fp 2016/11/21 v6761 L3 Floating points
\c__fp_leading_shift_int=\count105
\c__fp_middle_shift_int=\count106
\c__fp_trailing_shift_int=\count107
\c__fp_big_leading_shift_int=\count108
\c__fp_big_middle_shift_int=\count109
\c__fp_big_trailing_shift_int=\count110
\c__fp_Bigg_leading_shift_int=\count111
\c__fp_Bigg_middle_shift_int=\count112
\c__fp_Bigg_trailing_shift_int=\count113
L3 Module: l3box 2016/08/19 v6685 L3 Experimental boxes
\c_empty_box=\box26
\l_tmpa_box=\box27
\l_tmpb_box=\box28
\g_tmpa_box=\box29
\g_tmpb_box=\box30
L3 Module: l3coffins 2016/08/19 v6685 L3 Coffin code layer
\l__coffin_internal_box=\box31
\l__coffin_internal_dim=\dimen117
\l__coffin_offset_x_dim=\dimen118
\l__coffin_offset_y_dim=\dimen119
\l__coffin_x_dim=\dimen120
\l__coffin_y_dim=\dimen121
\l__coffin_x_prime_dim=\dimen122
\l__coffin_y_prime_dim=\dimen123
\c_empty_coffin=\box32
\l__coffin_aligned_coffin=\box33
\l__coffin_aligned_internal_coffin=\box34
\l_tmpa_coffin=\box35
\l_tmpb_coffin=\box36
\l__coffin_display_coffin=\box37
\l__coffin_display_coord_coffin=\box38
\l__coffin_display_pole_coffin=\box39
\l__coffin_display_offset_dim=\dimen124
\l__coffin_display_x_dim=\dimen125
\l__coffin_display_y_dim=\dimen126
L3 Module: l3color 2016/06/13 v6596 L3 Experimental color support
L3 Module: l3sys 2015/09/25 v6087 L3 Experimental system/runtime functions
L3 Module: l3candidates 2016/08/19 v6688 L3 Experimental additions to l3kernel
\l__box_top_dim=\dimen127
\l__box_bottom_dim=\dimen128
\l__box_left_dim=\dimen129
\l__box_right_dim=\dimen130
\l__box_top_new_dim=\dimen131
\l__box_bottom_new_dim=\dimen132
\l__box_left_new_dim=\dimen133
\l__box_right_new_dim=\dimen134
\l__box_internal_box=\box40
\l__coffin_bounding_shift_dim=\dimen135
\l__coffin_left_corner_dim=\dimen136
\l__coffin_right_corner_dim=\dimen137
\l__coffin_bottom_corner_dim=\dimen138
\l__coffin_top_corner_dim=\dimen139
\l__coffin_scaled_total_height_dim=\dimen140
\l__coffin_scaled_width_dim=\dimen141
L3 Module: l3luatex 2016/08/18 v6679 L3 Experimental LuaTeX-specific functions
)
(/usr/local/texlive/2016/texmf-dist/tex/latex/l3kernel/l3pdfmode.def
File: l3pdfmode.def 2016/08/18 v6679 L3 Experimental driver: PDF mode
\l__driver_color_stack_int=\count114
\l__driver_tmp_box=\box41
))
(/usr/local/texlive/2016/texmf-dist/tex/latex/l3packages/xparse/xparse.sty
Package: xparse 2016/11/21 v6760 L3 Experimental document command parser
\l__xparse_current_arg_int=\count115
\l__xparse_m_args_int=\count116
\l__xparse_mandatory_args_int=\count117
\l__xparse_processor_int=\count118
\l__xparse_v_nesting_int=\count119
)
(/usr/local/texlive/2016/texmf-dist/tex/latex/base/textcomp.sty
Package: textcomp 2016/06/19 v1.99m Standard LaTeX package
Package textcomp Info: Sub-encoding information:
(textcomp)               5 = only ISO-Adobe without \textcurrency
(textcomp)               4 = 5 + \texteuro
(textcomp)               3 = 4 + \textohm
(textcomp)               2 = 3 + \textestimated + \textcurrency
(textcomp)               1 = TS1 - \textcircled - \t
(textcomp)               0 = TS1 (full)
(textcomp)             Font families with sub-encoding setting implement
(textcomp)             only a restricted character set as indicated.
(textcomp)             Family '?' is the default used for unknown fonts.
(textcomp)             See the documentation for details.
Package textcomp Info: Setting ? sub-encoding to TS1/1 on input line 79.

(/usr/local/texlive/2016/texmf-dist/tex/latex/base/ts1enc.def
File: ts1enc.def 2001/06/05 v3.0e (jk/car/fm) Standard LaTeX file
)
LaTeX Info: Redefining \oldstylenums on input line 334.
Package textcomp Info: Setting cmr sub-encoding to TS1/0 on input line 349.
Package textcomp Info: Setting cmss sub-encoding to TS1/0 on input line 350.
Package textcomp Info: Setting cmtt sub-encoding to TS1/0 on input line 351.
Package textcomp Info: Setting cmvtt sub-encoding to TS1/0 on input line 352.
Package textcomp Info: Setting cmbr sub-encoding to TS1/0 on input line 353.
Package textcomp Info: Setting cmtl sub-encoding to TS1/0 on input line 354.
Package textcomp Info: Setting ccr sub-encoding to TS1/0 on input line 355.
Package textcomp Info: Setting ptm sub-encoding to TS1/4 on input line 356.
Package textcomp Info: Setting pcr sub-encoding to TS1/4 on input line 357.
Package textcomp Info: Setting phv sub-encoding to TS1/4 on input line 358.
Package textcomp Info: Setting ppl sub-encoding to TS1/3 on input line 359.
Package textcomp Info: Setting pag sub-encoding to TS1/4 on input line 360.
Package textcomp Info: Setting pbk sub-encoding to TS1/4 on input line 361.
Package textcomp Info: Setting pnc sub-encoding to TS1/4 on input line 362.
Package textcomp Info: Setting pzc sub-encoding to TS1/4 on input line 363.
Package textcomp Info: Setting bch sub-encoding to TS1/4 on input line 364.
Package textcomp Info: Setting put sub-encoding to TS1/5 on input line 365.
Package textcomp Info: Setting uag sub-encoding to TS1/5 on input line 366.
Package textcomp Info: Setting ugq sub-encoding to TS1/5 on input line 367.
Package textcomp Info: Setting ul8 sub-encoding to TS1/4 on input line 368.
Package textcomp Info: Setting ul9 sub-encoding to TS1/4 on input line 369.
Package textcomp Info: Setting augie sub-encoding to TS1/5 on input line 370.
Package textcomp Info: Setting dayrom sub-encoding to TS1/3 on input line 371.
Package textcomp Info: Setting dayroms sub-encoding to TS1/3 on input line 372.

Package textcomp Info: Setting pxr sub-encoding to TS1/0 on input line 373.
Package textcomp Info: Setting pxss sub-encoding to TS1/0 on input line 374.
Package textcomp Info: Setting pxtt sub-encoding to TS1/0 on input line 375.
Package textcomp Info: Setting txr sub-encoding to TS1/0 on input line 376.
Package textcomp Info: Setting txss sub-encoding to TS1/0 on input line 377.
Package textcomp Info: Setting txtt sub-encoding to TS1/0 on input line 378.
Package textcomp Info: Setting lmr sub-encoding to TS1/0 on input line 379.
Package textcomp Info: Setting lmdh sub-encoding to TS1/0 on input line 380.
Package textcomp Info: Setting lmss sub-encoding to TS1/0 on input line 381.
Package textcomp Info: Setting lmssq sub-encoding to TS1/0 on input line 382.
Package textcomp Info: Setting lmvtt sub-encoding to TS1/0 on input line 383.
Package textcomp Info: Setting lmtt sub-encoding to TS1/0 on input line 384.
Package textcomp Info: Setting qhv sub-encoding to TS1/0 on input line 385.
Package textcomp Info: Setting qag sub-encoding to TS1/0 on input line 386.
Package textcomp Info: Setting qbk sub-encoding to TS1/0 on input line 387.
Package textcomp Info: Setting qcr sub-encoding to TS1/0 on input line 388.
Package textcomp Info: Setting qcs sub-encoding to TS1/0 on input line 389.
Package textcomp Info: Setting qpl sub-encoding to TS1/0 on input line 390.
Package textcomp Info: Setting qtm sub-encoding to TS1/0 on input line 391.
Package textcomp Info: Setting qzc sub-encoding to TS1/0 on input line 392.
Package textcomp Info: Setting qhvc sub-encoding to TS1/0 on input line 393.
Package textcomp Info: Setting futs sub-encoding to TS1/4 on input line 394.
Package textcomp Info: Setting futx sub-encoding to TS1/4 on input line 395.
Package textcomp Info: Setting futj sub-encoding to TS1/4 on input line 396.
Package textcomp Info: Setting hlh sub-encoding to TS1/3 on input line 397.
Package textcomp Info: Setting hls sub-encoding to TS1/3 on input line 398.
Package textcomp Info: Setting hlst sub-encoding to TS1/3 on input line 399.
Package textcomp Info: Setting hlct sub-encoding to TS1/5 on input line 400.
Package textcomp Info: Setting hlx sub-encoding to TS1/5 on input line 401.
Package textcomp Info: Setting hlce sub-encoding to TS1/5 on input line 402.
Package textcomp Info: Setting hlcn sub-encoding to TS1/5 on input line 403.
Package textcomp Info: Setting hlcw sub-encoding to TS1/5 on input line 404.
Package textcomp Info: Setting hlcf sub-encoding to TS1/5 on input line 405.
Package textcomp Info: Setting pplx sub-encoding to TS1/3 on input line 406.
Package textcomp Info: Setting pplj sub-encoding to TS1/3 on input line 407.
Package textcomp Info: Setting ptmx sub-encoding to TS1/4 on input line 408.
Package textcomp Info: Setting ptmj sub-encoding to TS1/4 on input line 409.
)
(/usr/local/texlive/2016/texmf-dist/tex/latex/xcolor/xcolor.sty
Package: xcolor 2016/05/11 v2.12 LaTeX color extensions (UK)

(/usr/local/texlive/2016/texmf-dist/tex/latex/graphics-cfg/color.cfg
File: color.cfg 2016/01/02 v1.6 sample color configuration
)
Package xcolor Info: Driver file: pdftex.def on input line 225.

(/usr/local/texlive/2016/texmf-dist/tex/latex/graphics-def/pdftex.def
File: pdftex.def 2016/07/10 v0.06j Graphics/color for pdfTeX

(/usr/local/texlive/2016/texmf-dist/tex/generic/oberdiek/infwarerr.sty
Package: infwarerr 2016/05/16 v1.4 Providing info/warning/error messages (HO)
)
(/usr/local/texlive/2016/texmf-dist/tex/generic/oberdiek/ltxcmds.sty
Package: ltxcmds 2016/05/16 v1.23 LaTeX kernel commands for general use (HO)
)
\Gread@gobject=\count120
)
Package xcolor Info: Model `cmy' substituted by `cmy0' on input line 1348.
Package xcolor Info: Model `hsb' substituted by `rgb' on input line 1352.
Package xcolor Info: Model `RGB' extended on input line 1364.
Package xcolor Info: Model `HTML' substituted by `rgb' on input line 1366.
Package xcolor Info: Model `Hsb' substituted by `hsb' on input line 1367.
Package xcolor Info: Model `tHsb' substituted by `hsb' on input line 1368.
Package xcolor Info: Model `HSB' substituted by `hsb' on input line 1369.
Package xcolor Info: Model `Gray' substituted by `gray' on input line 1370.
Package xcolor Info: Model `wave' substituted by `hsb' on input line 1371.
)
(/usr/local/texlive/2016/texmf-dist/tex/generic/xstring/xstring.sty
(/usr/local/texlive/2016/texmf-dist/tex/generic/xstring/xstring.tex
\@xs@message=\write3
\integerpart=\count121
\decimalpart=\count122
)
Package: xstring 2013/10/13  v1.7c  String manipulations (C Tellechea)
)
(/usr/local/texlive/2016/texmf-dist/tex/latex/fancyvrb/fancyvrb.sty
Package: fancyvrb 2008/02/07

Style option: `fancyvrb' v2.7a, with DG/SPQR fixes, and firstline=lastline fix 
<2008/02/07> (tvz)
\FV@CodeLineNo=\count123
\FV@InFile=\read1
\FV@TabBox=\box42
\c@FancyVerbLine=\count124
\FV@StepNumber=\count125
\FV@OutFile=\write4
)
(/usr/local/texlive/2016/texmf-dist/tex/latex/hyperref/hyperref.sty
Package: hyperref 2016/06/24 v6.83q Hypertext links for LaTeX

(/usr/local/texlive/2016/texmf-dist/tex/generic/oberdiek/hobsub-hyperref.sty
Package: hobsub-hyperref 2016/05/16 v1.14 Bundle oberdiek, subset hyperref (HO)


(/usr/local/texlive/2016/texmf-dist/tex/generic/oberdiek/hobsub-generic.sty
Package: hobsub-generic 2016/05/16 v1.14 Bundle oberdiek, subset generic (HO)
Package: hobsub 2016/05/16 v1.14 Construct package bundles (HO)
Package hobsub Info: Skipping package `infwarerr' (already loaded).
Package hobsub Info: Skipping package `ltxcmds' (already loaded).
Package: ifluatex 2016/05/16 v1.4 Provides the ifluatex switch (HO)
Package ifluatex Info: LuaTeX not detected.
Package hobsub Info: Skipping package `ifvtex' (already loaded).
Package: intcalc 2016/05/16 v1.2 Expandable calculations with integers (HO)
Package hobsub Info: Skipping package `ifpdf' (already loaded).
Package: etexcmds 2016/05/16 v1.6 Avoid name clashes with e-TeX commands (HO)
Package etexcmds Info: Could not find \expanded.
(etexcmds)             That can mean that you are not using pdfTeX 1.50 or
(etexcmds)             that some package has redefined \expanded.
(etexcmds)             In the latter case, load this package earlier.
Package: kvsetkeys 2016/05/16 v1.17 Key value parser (HO)
Package: kvdefinekeys 2016/05/16 v1.4 Define keys (HO)
Package: pdftexcmds 2016/05/21 v0.22 Utility functions of pdfTeX for LuaTeX (HO
)
Package pdftexcmds Info: LuaTeX not detected.
Package pdftexcmds Info: \pdf@primitive is available.
Package pdftexcmds Info: \pdf@ifprimitive is available.
Package pdftexcmds Info: \pdfdraftmode found.
Package: pdfescape 2016/05/16 v1.14 Implements pdfTeX's escape features (HO)
Package: bigintcalc 2016/05/16 v1.4 Expandable calculations on big integers (HO
)
Package: bitset 2016/05/16 v1.2 Handle bit-vector datatype (HO)
Package: uniquecounter 2016/05/16 v1.3 Provide unlimited unique counter (HO)
)
Package hobsub Info: Skipping package `hobsub' (already loaded).
Package: letltxmacro 2016/05/16 v1.5 Let assignment for LaTeX macros (HO)
Package: hopatch 2016/05/16 v1.3 Wrapper for package hooks (HO)
Package: xcolor-patch 2016/05/16 xcolor patch
Package: atveryend 2016/05/16 v1.9 Hooks at the very end of document (HO)
Package atveryend Info: \enddocument detected (standard20110627).
Package: atbegshi 2016/06/09 v1.18 At begin shipout hook (HO)
Package: refcount 2016/05/16 v3.5 Data extraction from label references (HO)
Package: hycolor 2016/05/16 v1.8 Color options for hyperref/bookmark (HO)
)
(/usr/local/texlive/2016/texmf-dist/tex/latex/oberdiek/auxhook.sty
Package: auxhook 2016/05/16 v1.4 Hooks for auxiliary files (HO)
)
(/usr/local/texlive/2016/texmf-dist/tex/latex/oberdiek/kvoptions.sty
Package: kvoptions 2016/05/16 v3.12 Key value format for package options (HO)
)
\@linkdim=\dimen142
\Hy@linkcounter=\count126
\Hy@pagecounter=\count127

(/usr/local/texlive/2016/texmf-dist/tex/latex/hyperref/pd1enc.def
File: pd1enc.def 2016/06/24 v6.83q Hyperref: PDFDocEncoding definition (HO)
)
\Hy@SavedSpaceFactor=\count128

(/usr/local/texlive/2016/texmf-dist/tex/latex/latexconfig/hyperref.cfg
File: hyperref.cfg 2002/06/06 v1.2 hyperref configuration of TeXLive
)
Package hyperref Info: Hyper figures OFF on input line 4486.
Package hyperref Info: Link nesting OFF on input line 4491.
Package hyperref Info: Hyper index ON on input line 4494.
Package hyperref Info: Plain pages OFF on input line 4501.
Package hyperref Info: Backreferencing OFF on input line 4506.
Package hyperref Info: Implicit mode ON; LaTeX internals redefined.
Package hyperref Info: Bookmarks ON on input line 4735.
\c@Hy@tempcnt=\count129

(/usr/local/texlive/2016/texmf-dist/tex/latex/url/url.sty
\Urlmuskip=\muskip16
Package: url 2013/09/16  ver 3.4  Verb mode for urls, etc.
)
LaTeX Info: Redefining \url on input line 5088.
\XeTeXLinkMargin=\dimen143
\Fld@menulength=\count130
\Field@Width=\dimen144
\Fld@charsize=\dimen145
Package hyperref Info: Hyper figures OFF on input line 6342.
Package hyperref Info: Link nesting OFF on input line 6347.
Package hyperref Info: Hyper index ON on input line 6350.
Package hyperref Info: backreferencing OFF on input line 6357.
Package hyperref Info: Link coloring OFF on input line 6362.
Package hyperref Info: Link coloring with OCG OFF on input line 6367.
Package hyperref Info: PDF/A mode OFF on input line 6372.
LaTeX Info: Redefining \ref on input line 6412.
LaTeX Info: Redefining \pageref on input line 6416.
\Hy@abspage=\count131
\c@Item=\count132
\c@Hfootnote=\count133
)

Package hyperref Message: Driver (autodetected): hpdftex.

(/usr/local/texlive/2016/texmf-dist/tex/latex/hyperref/hpdftex.def
File: hpdftex.def 2016/06/24 v6.83q Hyperref driver for pdfTeX
\Fld@listcount=\count134
\c@bookmark@seq@number=\count135

(/usr/local/texlive/2016/texmf-dist/tex/latex/oberdiek/rerunfilecheck.sty
Package: rerunfilecheck 2016/05/16 v1.8 Rerun checks for auxiliary files (HO)
Package uniquecounter Info: New unique counter `rerunfilecheck' on input line 2
82.
)
\Hy@SectionHShift=\skip51
)

Package hyperref Warning: Option `hyperindex' has already been used,
(hyperref)                setting the option has no effect on input line 34.

Package hyperref Info: Option `colorlinks' set `false' on input line 34.
Package hyperref Info: Option `bookmarksopen' set `true' on input line 34.
(/usr/local/texlive/2016/texmf-dist/tex/latex/mathtools/mathtools.sty
Package: mathtools 2015/11/12 v1.18 mathematical typesetting tools

(/usr/local/texlive/2016/texmf-dist/tex/latex/tools/calc.sty
Package: calc 2014/10/28 v4.3 Infix arithmetic (KKT,FJ)
\calc@Acount=\count136
\calc@Bcount=\count137
\calc@Adimen=\dimen146
\calc@Bdimen=\dimen147
\calc@Askip=\skip52
\calc@Bskip=\skip53
LaTeX Info: Redefining \setlength on input line 80.
LaTeX Info: Redefining \addtolength on input line 81.
\calc@Ccount=\count138
\calc@Cskip=\skip54
)
(/usr/local/texlive/2016/texmf-dist/tex/latex/mathtools/mhsetup.sty
Package: mhsetup 2010/01/21 v1.2a programming setup (MH)
)
(/usr/local/texlive/2016/texmf-dist/tex/latex/amsmath/amsmath.sty
Package: amsmath 2016/06/28 v2.15d AMS math features
\@mathmargin=\skip55

For additional information on amsmath, use the `?' option.
(/usr/local/texlive/2016/texmf-dist/tex/latex/amsmath/amstext.sty
Package: amstext 2000/06/29 v2.01 AMS text

(/usr/local/texlive/2016/texmf-dist/tex/latex/amsmath/amsgen.sty
File: amsgen.sty 1999/11/30 v2.0 generic functions
\@emptytoks=\toks16
\ex@=\dimen148
))
(/usr/local/texlive/2016/texmf-dist/tex/latex/amsmath/amsbsy.sty
Package: amsbsy 1999/11/29 v1.2d Bold Symbols
\pmbraise@=\dimen149
)
(/usr/local/texlive/2016/texmf-dist/tex/latex/amsmath/amsopn.sty
Package: amsopn 2016/03/08 v2.02 operator names
)
\inf@bad=\count139
LaTeX Info: Redefining \frac on input line 199.
\uproot@=\count140
\leftroot@=\count141
LaTeX Info: Redefining \overline on input line 297.
\classnum@=\count142
\DOTSCASE@=\count143
LaTeX Info: Redefining \ldots on input line 394.
LaTeX Info: Redefining \dots on input line 397.
LaTeX Info: Redefining \cdots on input line 518.
\Mathstrutbox@=\box43
\strutbox@=\box44
\big@size=\dimen150
LaTeX Font Info:    Redeclaring font encoding OML on input line 634.
LaTeX Font Info:    Redeclaring font encoding OMS on input line 635.
\macc@depth=\count144
\c@MaxMatrixCols=\count145
\dotsspace@=\muskip17
\c@parentequation=\count146
\dspbrk@lvl=\count147
\tag@help=\toks17
\row@=\count148
\column@=\count149
\maxfields@=\count150
\andhelp@=\toks18
\eqnshift@=\dimen151
\alignsep@=\dimen152
\tagshift@=\dimen153
\tagwidth@=\dimen154
\totwidth@=\dimen155
\lineht@=\dimen156
\@envbody=\toks19
\multlinegap=\skip56
\multlinetaggap=\skip57
\mathdisplay@stack=\toks20
LaTeX Info: Redefining \[ on input line 2739.
LaTeX Info: Redefining \] on input line 2740.
)
LaTeX Info: Thecontrolsequence`\('isalreadyrobust on input line 129.
LaTeX Info: Thecontrolsequence`\)'isalreadyrobust on input line 129.
LaTeX Info: Thecontrolsequence`\['isalreadyrobust on input line 129.
LaTeX Info: Thecontrolsequence`\]'isalreadyrobust on input line 129.
\g_MT_multlinerow_int=\count151
\l_MT_multwidth_dim=\dimen157
\origjot=\skip58
\l_MT_shortvdotswithinadjustabove_dim=\dimen158
\l_MT_shortvdotswithinadjustbelow_dim=\dimen159
\l_MT_above_intertext_sep=\dimen160
\l_MT_below_intertext_sep=\dimen161
\l_MT_above_shortintertext_sep=\dimen162
\l_MT_below_shortintertext_sep=\dimen163
)
(/usr/local/texlive/2016/texmf-dist/tex/latex/splitindex/splitidx.sty
Package: splitidx 2016/02/18 v1.2c multiple indices for LaTeX
))
(./tex/physics.tex
.................................................
. LaTeX info: "xparse/define-command"
. 
. Defining command \Ham with sig. '' on line 8.
.................................................
.................................................
. LaTeX info: "xparse/define-command"
. 
. Defining command \SO with sig. '' on line 9.
.................................................
.................................................
. LaTeX info: "xparse/define-command"
. 
. Defining command \DM with sig. '' on line 10.
.................................................
.................................................
. LaTeX info: "xparse/define-command"
. 
. Defining command \EDM with sig. '' on line 11.
.................................................
) (./tex/variables.tex
.................................................
. LaTeX info: "xparse/define-command"
. 
. Defining command \program with sig. 'm' on line 7.
.................................................
.................................................
. LaTeX info: "xparse/define-command"
. 
. Defining command \shell with sig. 'm' on line 8.
.................................................
.................................................
. LaTeX info: "xparse/define-command"
. 
. Defining command \method with sig. 'm' on line 10.
.................................................
.................................................
. LaTeX info: "xparse/define-command"
. 
. Defining command \siesta with sig. '' on line 13.
.................................................
.................................................
. LaTeX info: "xparse/define-command"
. 
. Defining command \tsiesta with sig. '' on line 14.
.................................................
.................................................
. LaTeX info: "xparse/define-command"
. 
. Defining command \tbtrans with sig. '' on line 15.
.................................................
.................................................
. LaTeX info: "xparse/define-command"
. 
. Defining command \phtrans with sig. '' on line 16.
.................................................
.................................................
. LaTeX info: "xparse/define-command"
. 
. Defining command \sisl with sig. '' on line 17.
.................................................
.................................................
. LaTeX info: "xparse/define-command"
. 
. Defining command \fdflib with sig. '' on line 18.
.................................................
.................................................
. LaTeX info: "xparse/define-command"
. 
. Defining command \note with sig. '' on line 21.
.................................................
.................................................
. LaTeX info: "xparse/define-command"
. 
. Defining command \pipe with sig. '' on line 61.
.................................................
) (./tex/index.tex
\@indexfile=\write5
\openout5 = `siesta.idx'.


Writing index file siesta.idx
Using splitted index at siesta.idx
.................................................
. LaTeX info: "xparse/define-command"
. 
. Defining command \fdfindex with sig. ' s m o ' on line 41.
.................................................
.................................................
. LaTeX info: "xparse/define-command"
. 
. Defining command \fileindex with sig. ' m o ' on line 53.
.................................................
) (./tex/output.tex
.................................................
. LaTeX info: "xparse/define-command"
. 
. Defining command \newfile with sig. ' m o ' on line 55.
.................................................
.................................................
. LaTeX info: "xparse/define-command"
. 
. Defining command \newsysfile with sig. ' m ' on line 67.
.................................................
.................................................
. LaTeX info: "xparse/define-command"
. 
. Defining command \file with sig. 'm' on line 83.
.................................................
.................................................
. LaTeX info: "xparse/define-command"
. 
. Defining command \sysfile with sig. ' s m ' on line 101.
.................................................
) (./tex/fdf.tex
.................................................
. LaTeX info: "xparse/define-command"
. 
. Defining command \fdftrue with sig. ' ' on line 28.
.................................................
.................................................
. LaTeX info: "xparse/define-command"
. 
. Defining command \fdffalse with sig. ' ' on line 29.
.................................................
.................................................
. LaTeX info: "xparse/define-command"
. 
. Defining command \fdf with sig. ' s m ' on line 46.
.................................................
.................................................
. LaTeX info: "xparse/define-command"
. 
. Defining command \nonvalue with sig. ' m ' on line 53.
.................................................
.................................................
. LaTeX info: "xparse/define-command"
. 
. Defining command \fdfvalue with sig. ' m ' on line 55.
.................................................
\siestatargetcount=\count152
.................................................
. LaTeX info: "xparse/define-command"
. 
. Defining command \fdfdepend with sig. 'm' on line 96.
.................................................
.................................................
. LaTeX info: "xparse/define-command"
. 
. Defining command \fdfentryline with sig. ' m o D<>{None}' on line 155.
.................................................
.................................................
. LaTeX info: "xparse/define-environment"
. 
. Defining environment 'fdfentry' with sig. ' ' on line 184.
.................................................
.................................................
. LaTeX info: "xparse/define-environment"
. 
. Defining environment 'fdflogicalT' with sig. ' m ' on line 194.
.................................................
.................................................
. LaTeX info: "xparse/define-environment"
. 
. Defining environment 'fdflogicalF' with sig. ' m ' on line 202.
.................................................
.................................................
. LaTeX info: "xparse/define-environment"
. 
. Defining environment 'fdfoptions' with sig. ' ' on line 228.
.................................................
)) (./siesta.aux

LaTeX Warning: Label `MD.TypeOfRun' multiply defined.


LaTeX Warning: Label `MD.FCFirst' multiply defined.


LaTeX Warning: Label `MD.FCLast' multiply defined.


LaTeX Warning: Label `SolutionMethod' multiply defined.

)
\openout1 = `siesta.aux'.

LaTeX Font Info:    Checking defaults for OML/cmm/m/it on input line 110.
LaTeX Font Info:    ... okay on input line 110.
LaTeX Font Info:    Checking defaults for T1/cmr/m/n on input line 110.
LaTeX Font Info:    ... okay on input line 110.
LaTeX Font Info:    Checking defaults for OT1/cmr/m/n on input line 110.
LaTeX Font Info:    ... okay on input line 110.
LaTeX Font Info:    Checking defaults for OMS/cmsy/m/n on input line 110.
LaTeX Font Info:    ... okay on input line 110.
LaTeX Font Info:    Checking defaults for OMX/cmex/m/n on input line 110.
LaTeX Font Info:    ... okay on input line 110.
LaTeX Font Info:    Checking defaults for U/cmr/m/n on input line 110.
LaTeX Font Info:    ... okay on input line 110.
LaTeX Font Info:    Checking defaults for TS1/cmr/m/n on input line 110.
LaTeX Font Info:    Try loading font information for TS1+cmr on input line 110.

 (/usr/local/texlive/2016/texmf-dist/tex/latex/base/ts1cmr.fd
File: ts1cmr.fd 2014/09/29 v2.5h Standard LaTeX font definitions
)
LaTeX Font Info:    ... okay on input line 110.
LaTeX Font Info:    Checking defaults for PD1/pdf/m/n on input line 110.
LaTeX Font Info:    ... okay on input line 110.
LaTeX Font Info:    Try loading font information for T1+lmr on input line 110.

(/usr/local/texlive/2016/texmf-dist/tex/latex/lm/t1lmr.fd
File: t1lmr.fd 2009/10/30 v1.6 Font defs for Latin Modern
)
*geometry* driver: auto-detecting
*geometry* detected driver: pdftex
*geometry* verbose mode - [ preamble ] result:
* driver: pdftex
* paper: <default>
* layout: <same size as paper>
* layoutoffset:(h,v)=(0.0pt,0.0pt)
* modes: twoside 
* h-part:(L,W,R)=(62.59596pt, 475.16093pt, 76.5381pt)
* v-part:(T,H,B)=(59.75095pt, 640.187pt, 95.03204pt)
* \paperwidth=614.295pt
* \paperheight=794.96999pt
* \textwidth=475.16093pt
* \textheight=640.187pt
* \oddsidemargin=-9.67403pt
* \evensidemargin=4.26811pt
* \topmargin=-49.51904pt
* \headheight=12.0pt
* \headsep=25.0pt
* \topskip=11.0pt
* \footskip=30.0pt
* \marginparwidth=59.0pt
* \marginparsep=10.0pt
* \columnsep=10.0pt
* \skip\footins=10.0pt plus 4.0pt minus 2.0pt
* \hoffset=0.0pt
* \voffset=0.0pt
* \mag=1000
* \@twocolumnfalse
* \@twosidetrue
* \@mparswitchtrue
* \@reversemarginfalse
* (1in=72.27pt=25.4mm, 1cm=28.453pt)

Package nag Info: Command \frontmatter not defined, skipping amendment on input
 line 110.
Package nag Info: Command \mainmatter not defined, skipping amendment on input 
line 110.
Package nag Info: Command \backmatter not defined, skipping amendment on input 
line 110.
Package nag Info: Command \RaggedLeft not defined, skipping amendment on input 
line 110.
Package nag Info: Command \RaggedRight not defined, skipping amendment on input
 line 110.
(/usr/local/texlive/2016/texmf-dist/tex/context/base/mkii/supp-pdf.mkii
[Loading MPS to PDF converter (version 2006.09.02).]
\scratchcounter=\count153
\scratchdimen=\dimen164
\scratchbox=\box45
\nofMPsegments=\count154
\nofMParguments=\count155
\everyMPshowfont=\toks21
\MPscratchCnt=\count156
\MPscratchDim=\dimen165
\MPnumerator=\count157
\makeMPintoPDFobject=\count158
\everyMPtoPDFconversion=\toks22
)
\AtBeginShipoutBox=\box46
Package hyperref Info: Link coloring OFF on input line 110.
 (/usr/local/texlive/2016/texmf-dist/tex/latex/hyperref/nameref.sty
Package: nameref 2016/05/21 v2.44 Cross-referencing by name of section

(/usr/local/texlive/2016/texmf-dist/tex/generic/oberdiek/gettitlestring.sty
Package: gettitlestring 2016/05/16 v1.5 Cleanup title references (HO)
)
\c@section@level=\count159
)
LaTeX Info: Redefining \ref on input line 110.
LaTeX Info: Redefining \pageref on input line 110.
LaTeX Info: Redefining \nameref on input line 110.

(./siesta.out) (./siesta.out)
\@outlinefile=\write6
\openout6 = `siesta.out'.


(/usr/local/texlive/2016/texmf-dist/tex/latex/graphics/graphicx.sty
Package: graphicx 2014/10/28 v1.0g Enhanced LaTeX Graphics (DPC,SPQR)

(/usr/local/texlive/2016/texmf-dist/tex/latex/graphics/graphics.sty
Package: graphics 2016/07/10 v1.0t Standard LaTeX Graphics (DPC,SPQR)

(/usr/local/texlive/2016/texmf-dist/tex/latex/graphics/trig.sty
Package: trig 2016/01/03 v1.10 sin cos tan (DPC)
)
(/usr/local/texlive/2016/texmf-dist/tex/latex/graphics-cfg/graphics.cfg
File: graphics.cfg 2016/06/04 v1.11 sample graphics configuration
)
Package graphics Info: Driver file: pdftex.def on input line 99.
)
\Gin@req@height=\dimen166
\Gin@req@width=\dimen167
)
Package nag Info: Command \caption@xlabel not defined, skipping amendment on in
put line 110.
Package nag Info: Command \captionabove not defined, skipping amendment on inpu
t line 110.
Package nag Info: Command \captionbelow not defined, skipping amendment on inpu
t line 110.
Package nag Info: Command \hc@caption not defined, skipping amendment on input 
line 110.
Package nag Info: Command \topcaption not defined, skipping amendment on input 
line 110.

(../version.info)
LaTeX Font Info:    Try loading font information for T1+lmtt on input line 138.

 (/usr/local/texlive/2016/texmf-dist/tex/latex/lm/t1lmtt.fd
File: t1lmtt.fd 2009/10/30 v1.6 Font defs for Latin Modern
)
LaTeX Font Info:    Try loading font information for OT1+lmr on input line 138.


(/usr/local/texlive/2016/texmf-dist/tex/latex/lm/ot1lmr.fd
File: ot1lmr.fd 2009/10/30 v1.6 Font defs for Latin Modern
)
LaTeX Font Info:    Try loading font information for OML+lmm on input line 138.


(/usr/local/texlive/2016/texmf-dist/tex/latex/lm/omllmm.fd
File: omllmm.fd 2009/10/30 v1.6 Font defs for Latin Modern
)
LaTeX Font Info:    Try loading font information for OMS+lmsy on input line 138
.

(/usr/local/texlive/2016/texmf-dist/tex/latex/lm/omslmsy.fd
File: omslmsy.fd 2009/10/30 v1.6 Font defs for Latin Modern
)
LaTeX Font Info:    Try loading font information for OMX+lmex on input line 138
.

(/usr/local/texlive/2016/texmf-dist/tex/latex/lm/omxlmex.fd
File: omxlmex.fd 2009/10/30 v1.6 Font defs for Latin Modern
)
LaTeX Font Info:    External font `lmex10' loaded for size
(Font)              <14.4> on input line 138.
LaTeX Font Info:    External font `lmex10' loaded for size
(Font)              <10> on input line 138.
LaTeX Font Info:    External font `lmex10' loaded for size
(Font)              <7> on input line 138.
 [1

{/usr/local/texlive/2016/texmf-var/fonts/map/pdftex/updmap/pdftex.map}]

LaTeX Font Warning: Font shape `T1/lmr/bx/sc' undefined
(Font)              using `T1/lmr/bx/n' instead on input line 149.


Package hyperref Warning: Token not allowed in a PDF string (PDFDocEncoding):
(hyperref)                removing `\siesta' on input line 150.

LaTeX Font Info:    Try loading font information for TS1+lmr on input line 152.

(/usr/local/texlive/2016/texmf-dist/tex/latex/lm/ts1lmr.fd
File: ts1lmr.fd 2009/10/30 v1.6 Font defs for Latin Modern
)
LaTeX Font Info:    External font `lmex10' loaded for size
(Font)              <10.95> on input line 156.
LaTeX Font Info:    External font `lmex10' loaded for size
(Font)              <8> on input line 156.
LaTeX Font Info:    External font `lmex10' loaded for size
(Font)              <6> on input line 156.
 [2] (./siesta.toc
[3] [4] [5] [6])
\tf@toc=\write7
\openout7 = `siesta.toc'.

 [7] [8] [9] [10] [11]
Underfull \hbox (badness 3919) in paragraph at lines 592--595
[]\T1/lmr/m/n/10.95 Subsequently one may run \T1/lmr/m/sc/10.95 SIESTA \T1/lmr/
m/n/10.95 us-ing OpenMP through the en-vi-ron-ment vari-able
 []

[12] [13]
LaTeX Font Info:    External font `lmex10' loaded for size
(Font)              <9> on input line 706.
LaTeX Font Info:    External font `lmex10' loaded for size
(Font)              <5> on input line 706.
 [14] [15] [16] [17] [18] [19] [20] [21] [22] [23] [24] [25] [26]
[27] [28] [29] [30] [31] [32] [33] [34] [35] [36] [37] [38] [39pdfTeX warning (
ext4): destination with the same identifier (name{siesta-pos-73-AtomicCoordinat
esFormat.ScaledCartesian}) has been already used, duplicate ignored

\AtBegShi@Output ...ipout \box \AtBeginShipoutBox 
                                                  \fi \fi 
l.2866   \end{fdfexample}
                         ] [40] [41] [42]
Underfull \hbox (badness 2469) in paragraph at lines 3164--3171
[]\T1/lmtt/m/n/10.95 SystemLabel.STRUCT_NEXT_ITER[][]\T1/lmr/m/n/10.95 :This fi
le is al-ways writ-ten, in the same for-mat as
 []

[43] [44]
Underfull \hbox (badness 2469) in paragraph at lines 3289--3292
[]\T1/lmr/m/n/10.95 Controls whether the struc-tural in-for-ma-tion is read fro
m an ex-ter-nal file of name
 []

[45]
Underfull \hbox (badness 3907) in paragraph at lines 3364--3372
[]\T1/lmr/m/sc/10.95 SIESTA \T1/lmr/m/n/10.95 prints the in-ter-atomic dis-tanc
es[], up to a range of []\T1/lmr/bx/sc/10.95 MaxBond-Dis-tance[][]\T1/lmr/m/n/1
0.95 ,
 []


Underfull \hbox (badness 1540) in paragraph at lines 3364--3372
\T1/lmr/m/n/10.95 to file \T1/lmtt/m/n/10.95 SystemLabel.BONDS[][] \T1/lmr/m/n/
10.95 upon first read-ing the struc-tural in-for-ma-tion, and to file
 []

LaTeX Font Info:    External font `lmex10' loaded for size
(Font)              <12> on input line 3377.
[46] [47] [48] [49] [50] [51] [52] [53] [54]
Underfull \hbox (badness 10000) in paragraph at lines 4131--4133
[]\T1/lmr/m/n/10.95 To ob-tain the
 []

[55] [56] [57]
Underfull \hbox (badness 10000) in paragraph at lines 4421--4423
[]\T1/lmr/m/n/10.95 This
 []

[58] [59] [60] [61] [62]
Underfull \hbox (badness 2573) in paragraph at lines 5110--5117
[]\T1/lmr/m/n/10.95 Instructs Siesta to read the de-for-ma-tion charge den-sity
 stored in the netCDF file
 []


Underfull \hbox (badness 10000) in paragraph at lines 5146--5152
[]\T1/lmr/m/n/10.95 The new for-mat is not back-wards com-pat-i-ble. A
 []

[63] [64] [65] [66] [67] [68] [69] [70]
Underfull \hbox (badness 1038) in paragraph at lines 5829--5833
[]\T1/lmr/m/n/10.95 Character string to choose among di-ag-o-nal-iza-tion (\T1/
lmr/bx/sc/10.95 diagon\T1/lmr/m/n/10.95 ), cubic-scaling min-i-miza-tion
 []

[71] [72] [73] [74] [75] [76] [77] [78] [79] [80] [81] [82] [83] [84]

Package hyperref Warning: Token not allowed in a PDF string (PDFDocEncoding):
(hyperref)                removing `math shift' on input line 7051.


Package hyperref Warning: Token not allowed in a PDF string (PDFDocEncoding):
(hyperref)                removing `\mu' on input line 7051.


Package hyperref Warning: Token not allowed in a PDF string (PDFDocEncoding):
(hyperref)                removing `math shift' on input line 7051.

[85]
Underfull \hbox (badness 3590) in paragraph at lines 7163--7166
[]\T1/lmr/m/n/10.95 If this flag is true, the bounds of the en-ergy win-dow ([]
\T1/lmr/bx/sc/10.95 PEXSI.DOS.Emin[][] \T1/lmr/m/n/10.95 and
 []

[86] [87] [88]
Underfull \hbox (badness 3460) in paragraph at lines 7380--7383
[]\T1/lmr/m/n/10.95 Specifies the high-est band in-dex of the wave-functions to
 be writ-ten to the file
 []

[89]
Underfull \hbox (badness 2573) in paragraph at lines 7434--7439
[]\T1/lmr/m/n/10.95 The user can also nar-row the energy-range used with the []
\T1/lmr/bx/sc/10.95 WFS.Energy.Min[][] \T1/lmr/m/n/10.95 and
 []

[90] [91] [92] [93]
Underfull \hbox (badness 1005) in paragraph at lines 7755--7760
[]\T1/lmr/m/n/10.95 The user can nar-row the energy-range used (and save some f
ile space) by us-ing the
 []

[94]

Package amsmath Warning: Foreign command \over;
(amsmath)                \frac or \genfrac should be used instead
(amsmath)                 on input line 7923.

[95] [96] [97] [98] [99] [100] [101] [102]
Underfull \hbox (badness 1009) in paragraph at lines 8604--8610
[]\T1/lmr/m/n/10.95 Instructs to write the soft dif-fuse ionic charge at the me
sh used by DHSCF, in file
 []

[103] [104] [105] [106] [107]
Underfull \hbox (badness 1642) in paragraph at lines 9010--9012
[]\T1/lmr/m/n/10.95 Instructs to use as much in-for-ma-tion as pos-si-ble store
d from pre-vi-ous runs in files
 []

[108]
Underfull \hbox (badness 10000) in paragraph at lines 9134--9137
[]\T1/lmr/m/n/10.95 Coordinate
 []

[109]
Underfull \hbox (badness 3078) in paragraph at lines 9171--9173
[]\T1/lmr/m/n/10.95 MD with an-neal-ing to a de-sired tem-per-a-ture and/or pre
s-sure (see vari-able
 []


Underfull \hbox (badness 2384) in paragraph at lines 9233--9240
\T1/lmr/m/n/10.95 mod-ule fsi-esta, \T1/lmr/m/sc/10.95 SIESTA \T1/lmr/m/n/10.95
 is also pre-pared to com-mu-ni-cate with the i-PI code (see
 []

[110] [111] [112] [113] [114] [115] [116] [117] [118] [119] [120]pdfTeX warning
 (ext4): destination with the same identifier (name{siesta-pos-87-MD.TypeOfRun}
) has been already used, duplicate ignored
<to be read again> 
                   \relax 
l.10229 \begin{fdfentry}{MD.TypeOfRun}[string]<LR>
                                                  pdfTeX warning (ext4): destin
ation with the same identifier (name{siesta-pos-410-MD.FCFirst}) has been alrea
dy used, duplicate ignored
<to be read again> 
                   \relax 
l.10234 \begin{fdfentry}{MD.FCFirst}[integer]<$1$>
                                                  pdfTeX warning (ext4): destin
ation with the same identifier (name{siesta-pos-411-MD.FCLast}) has been alread
y used, duplicate ignored
<to be read again> 
                   \relax 
l.10239 ...FCLast}[integer]<\fdfvalue{MD.FCFirst}>
                                                   [121] [122] [123] [124]
[125] [126] [127] [128] [129] [130] [131]pdfTeX warning (ext4): destination wit
h the same identifier (name{siesta-pos-1-SolutionMethod}) has been already used
, duplicate ignored
<to be read again> 
                   \relax 
l.11028 ...ry}{SolutionMethod}[string]<transiesta>
                                                   [132] [133]
Underfull \hbox (badness 2253) in paragraph at lines 11295--11297
[]\T1/lmr/m/n/10.95 Must be \T1/lmr/bx/sc/10.95 true \T1/lmr/m/n/10.95 for sav-
ing the den-sity ma-trix for con-tin-u-a-tion runs. If \T1/lmr/bx/sc/10.95 fals
e \T1/lmr/m/n/10.95 the
 []

[134] [135] [136] [137] [138pdfTeX warning (ext4): destination with the same id
entifier (name{siesta-pos-489-TS.Elec.<>.Bloch}) has been already used, duplica
te ignored

\AtBegShi@Output ...ipout \box \AtBeginShipoutBox 
                                                  \fi \fi 
l.11669 
        ]
Underfull \hbox (badness 5446) in paragraph at lines 11716--11719
[]\T1/lmr/m/n/10.95 Globally con-trol the ac-cu-racy re-quired for con-ver-genc
e of the self-energy. See
 []

[139] [140] [141] [142]
Underfull \hbox (badness 4366) in paragraph at lines 12091--12094
\T1/lmr/m/n/10.95 The bias con-tour is sim-i-larly de-fined as the equi-lib-riu
m con-tours. Please use the
 []

[143] [144]
LaTeX Font Info:    Font shape `T1/lmtt/bx/n' in size <10.95> not available
(Font)              Font shape `T1/lmtt/b/n' tried instead on input line 12207.


Underfull \hbox (badness 1308) in paragraph at lines 12222--12224
[]\T1/lmr/m/n/10.95 : The $\OML/lmm/m/it/10.95 k$\T1/lmr/m/n/10.95 -points used
 in the \T1/lmr/m/sc/10.95 Tran-SI-ESTA \T1/lmr/m/n/10.95 cal-cu-la-tion. See \
T1/lmr/m/sc/10.95 SIESTA
 []

[145]

LaTeX Font Warning: Font shape `T1/lmtt/bx/it' in size <10.95> not available
(Font)              Font shape `T1/lmtt/b/sl' tried instead on input line 12278
.


Underfull \hbox (badness 10000) in paragraph at lines 12280--12281
[]\T1/lmr/m/n/10.95 And other
 []

[146] [147] [148] [149] [150] [151] [152] (./siesta.bbl) [153

] (./siesta.ind
[154


] [155] [156]

Package nag Warning: Command \bf is an old LaTeX 2.09 command. 
(nag)                Use \bfseries or \textbf instead on input line 332.

[157

]) (./siesta-sfiles.ind [158


] [159

]) (./siesta-sfdf.ind
Underfull \hbox (badness 2057) in paragraph at lines 12--15
[]\T1/lmr/m/n/10.95 AtomicCoordinatesAndAtomicSpecies, []22[], []38[],
 []

[160


]
Underfull \hbox (badness 10000) in paragraph at lines 111--112
[]\T1/lmr/m/n/10.95 DM.KickMixingWeight, \T1/lmr/m/it/10.95 see
 []

[161] [162] [163] [164] [165] [166])

Package nag Warning: 1 complaints in total.

Package atveryend Info: Empty hook `BeforeClearDocument' on input line 12597.
Package atveryend Info: Empty hook `AfterLastShipout' on input line 12597.
(./siesta.aux)
Package atveryend Info: Executing hook `AtVeryEndDocument' on input line 12597.

Package atveryend Info: Executing hook `AtEndAfterFileList' on input line 12597
.
Package rerunfilecheck Info: File `siesta.out' has not changed.
(rerunfilecheck)             Checksum: A65278C06CC9AFB9330DDA252E5DA75B;11907.


LaTeX Font Warning: Some font shapes were not available, defaults substituted.


LaTeX Warning: There were multiply-defined labels.

Package atveryend Info: Empty hook `AtVeryVeryEnd' on input line 12597.
 ) 
Here is how much of TeX's memory you used:
 18396 strings out of 493013
 328182 string characters out of 6133343
 394284 words of memory out of 5000000
 20838 multiletter control sequences out of 15000+600000
 127752 words of font info for 87 fonts, out of 8000000 for 9000
 1141 hyphenation exceptions out of 8191
 37i,12n,35p,10420b,736s stack positions out of 5000i,500n,10000p,200000b,80000s
pdfTeX warning (dest): name{siesta-pos-444-DM.Init.Bulk} has been referenced 
but does not exist, replaced by a fixed one

pdfTeX warning (dest): name{siesta-pos-395-MD.FireQuench} has been referenced b
ut does not exist, replaced by a fixed one

pdfTeX warning (dest): name{siesta-pos-377-Compat.Pre-v4-Dynamics} has been ref
erenced but does not exist, replaced by a fixed one

pdfTeX warning (dest): name{siesta-pos-375-MD.TypeOfRun.Master} has been refere
nced but does not exist, replaced by a fixed one

pdfTeX warning (dest): name{siesta-pos-374-MD.TypeOfRun.Lua} has been reference
d but does not exist, replaced by a fixed one

pdfTeX warning (dest): name{siesta-pos-304-PDOS.kgrid.MonkhorstPack} has been r
eferenced but does not exist, replaced by a fixed one

pdfTeX warning (dest): name{siesta-pos-303-PDOS.kgrid.Cutoff} has been referenc
ed but does not exist, replaced by a fixed one

pdfTeX warning (dest): name{siesta-pos-196-SCF.Mixing} has been referenced but 
does not exist, replaced by a fixed one

pdfTeX warning (dest): name{siesta-pos-165-S.Only} has been referenced but does
 not exist, replaced by a fixed one

pdfTeX warning (dest): name{siesta-pos-158-DM.InitSpinAF} has been referenced b
ut does not exist, replaced by a fixed one

pdfTeX warning (dest): name{siesta-pos-146-DM.MixingWeight} has been referenced
 but does not exist, replaced by a fixed one

pdfTeX warning (dest): name{siesta-pos-144-SCF.RecomputeHAfterScf} has been ref
erenced but does not exist, replaced by a fixed one

pdfTeX warning (dest): name{siesta-pos-110-SCF.MonitorForces} has been referenc
ed but does not exist, replaced by a fixed one

pdfTeX warning (dest): name{siesta-pos-109-SCF.MixAfterConvergence} has been re
ferenced but does not exist, replaced by a fixed one

pdfTeX warning (dest): name{siesta-pos-108-SCF.Want.Variational.EKS} has been r
eferenced but does not exist, replaced by a fixed one

pdfTeX warning (dest): name{siesta-pos-94-Spin.Spiral} has been referenced but 
does not exist, replaced by a fixed one

pdfTeX warning (dest): name{siesta-pos-55-WriteIonPlotFiles} has been reference
d but does not exist, replaced by a fixed one

pdfTeX warning (dest): name{siesta-pos-53-AtomSetupOnly} has been referenced bu
t does not exist, replaced by a fixed one

pdfTeX warning (dest): name{siesta-pos-50-PAO.OldStylePolOrbs} has been referen
ced but does not exist, replaced by a fixed one

{/usr/local/texlive/2016/texmf-dist/fonts/enc/dvips/lm/lm-ec.enc}{/usr/local/te
xlive/2016/texmf-dist/fonts/enc/dvips/lm/lm-rm.enc}{/usr/local/texlive/2016/tex
mf-dist/fonts/enc/dvips/lm/lm-mathit.enc}{/usr/local/texlive/2016/texmf-dist/fo
nts/enc/dvips/lm/lm-ts1.enc}{/usr/local/texlive/2016/texmf-dist/fonts/enc/dvips
/lm/lm-mathex.enc}{/usr/local/texlive/2016/texmf-dist/fonts/enc/dvips/lm/lm-mat
hsy.enc}</usr/local/texlive/2016/texmf-dist/fonts/type1/public/lm/lmbx10.pfb></
usr/local/texlive/2016/texmf-dist/fonts/type1/public/lm/lmbx12.pfb></usr/local/
texlive/2016/texmf-dist/fonts/type1/public/lm/lmbx8.pfb></usr/local/texlive/201
6/texmf-dist/fonts/type1/public/lm/lmbx9.pfb></usr/local/texlive/2016/texmf-dis
t/fonts/type1/public/lm/lmbxi10.pfb></usr/local/texlive/2016/texmf-dist/fonts/t
ype1/public/lm/lmcsc10.pfb></usr/local/texlive/2016/texmf-dist/fonts/type1/publ
ic/lm/lmex10.pfb></usr/local/texlive/2016/texmf-dist/fonts/type1/public/lm/lmmi
10.pfb></usr/local/texlive/2016/texmf-dist/fonts/type1/public/lm/lmmi12.pfb></u
sr/local/texlive/2016/texmf-dist/fonts/type1/public/lm/lmmi6.pfb></usr/local/te
xlive/2016/texmf-dist/fonts/type1/public/lm/lmmi8.pfb></usr/local/texlive/2016/
texmf-dist/fonts/type1/public/lm/lmmib10.pfb></usr/local/texlive/2016/texmf-dis
t/fonts/type1/public/lm/lmr10.pfb></usr/local/texlive/2016/texmf-dist/fonts/typ
e1/public/lm/lmr12.pfb></usr/local/texlive/2016/texmf-dist/fonts/type1/public/l
m/lmr6.pfb></usr/local/texlive/2016/texmf-dist/fonts/type1/public/lm/lmr8.pfb><
/usr/local/texlive/2016/texmf-dist/fonts/type1/public/lm/lmr9.pfb></usr/local/t
exlive/2016/texmf-dist/fonts/type1/public/lm/lmri10.pfb></usr/local/texlive/201
6/texmf-dist/fonts/type1/public/lm/lmri8.pfb></usr/local/texlive/2016/texmf-dis
t/fonts/type1/public/lm/lmsy10.pfb></usr/local/texlive/2016/texmf-dist/fonts/ty
pe1/public/lm/lmsy6.pfb></usr/local/texlive/2016/texmf-dist/fonts/type1/public/
lm/lmsy8.pfb></usr/local/texlive/2016/texmf-dist/fonts/type1/public/lm/lmtk10.p
fb></usr/local/texlive/2016/texmf-dist/fonts/type1/public/lm/lmtko10.pfb></usr/
local/texlive/2016/texmf-dist/fonts/type1/public/lm/lmtt10.pfb></usr/local/texl
ive/2016/texmf-dist/fonts/type1/public/lm/lmtt12.pfb></usr/local/texlive/2016/t
exmf-dist/fonts/type1/public/lm/lmtt9.pfb></usr/local/texlive/2016/texmf-dist/f
onts/type1/public/lm/lmtti10.pfb>
Output written on siesta.pdf (166 pages, 1056481 bytes).
PDF statistics:
 4265 PDF objects out of 4296 (max. 8388607)
 4028 compressed objects within 41 object streams
 884 named destinations out of 1000 (max. 500000)
 1193 words of extra memory for PDF output out of 10000 (max. 10000000)

